Unity Editor version:    2022.3.25f1 (530ae0ba3889)
Branch:                  2022.3/staging
Build type:              Release
Batch mode:              YES
macOS version:           Version 14.4.1 (Build 23E224)
Darwin version:          23.4.0
Architecture:            arm64
Running under Rosetta:   NO
Available memory:        16384 MB
Using pre-set license
Pro License: YES

COMMAND LINE ARGUMENTS:
/Applications/Unity/Hub/Editor/2022.3.25f1/Unity.app/Contents/MacOS/Unity
-adb2
-batchMode
-noUpm
-name
AssetImportWorker0
-projectPath
/Users/ahmetcanyakupoglu/Desktop/No-Sync.nosync/Unity-Projects/Advanced-Saving-Project
-logFile
Logs/AssetImportWorker0.log
-srvPort
53632
Successfully changed project path to: /Users/ahmetcanyakupoglu/Desktop/No-Sync.nosync/Unity-Projects/Advanced-Saving-Project
/Users/ahmetcanyakupoglu/Desktop/No-Sync.nosync/Unity-Projects/Advanced-Saving-Project
[UnityMemory] Configuration Parameters - Can be set up in boot.config
    "memorysetup-bucket-allocator-granularity=16"
    "memorysetup-bucket-allocator-bucket-count=8"
    "memorysetup-bucket-allocator-block-size=33554432"
    "memorysetup-bucket-allocator-block-count=8"
    "memorysetup-main-allocator-block-size=16777216"
    "memorysetup-thread-allocator-block-size=16777216"
    "memorysetup-gfx-main-allocator-block-size=16777216"
    "memorysetup-gfx-thread-allocator-block-size=16777216"
    "memorysetup-cache-allocator-block-size=4194304"
    "memorysetup-typetree-allocator-block-size=2097152"
    "memorysetup-profiler-bucket-allocator-granularity=16"
    "memorysetup-profiler-bucket-allocator-bucket-count=8"
    "memorysetup-profiler-bucket-allocator-block-size=33554432"
    "memorysetup-profiler-bucket-allocator-block-count=8"
    "memorysetup-profiler-allocator-block-size=16777216"
    "memorysetup-profiler-editor-allocator-block-size=1048576"
    "memorysetup-temp-allocator-size-main=16777216"
    "memorysetup-job-temp-allocator-block-size=2097152"
    "memorysetup-job-temp-allocator-block-size-background=1048576"
    "memorysetup-job-temp-allocator-reduction-small-platforms=262144"
    "memorysetup-allocator-temp-initial-block-size-main=262144"
    "memorysetup-allocator-temp-initial-block-size-worker=262144"
    "memorysetup-temp-allocator-size-background-worker=32768"
    "memorysetup-temp-allocator-size-job-worker=262144"
    "memorysetup-temp-allocator-size-preload-manager=33554432"
    "memorysetup-temp-allocator-size-nav-mesh-worker=65536"
    "memorysetup-temp-allocator-size-audio-worker=65536"
    "memorysetup-temp-allocator-size-cloud-worker=32768"
    "memorysetup-temp-allocator-size-gi-baking-worker=262144"
    "memorysetup-temp-allocator-size-gfx=262144"
Player connection [8251308736] Host "[IP] 192.168.98.38 [Port] 0 [Flags] 2 [Guid] 1641023991 [EditorId] 1641023991 [Version] 1048832 [Id] OSXEditor(0,Ahmets-MacBook-Air.local) [Debug] 1 [PackageName] OSXEditor [ProjectName] Editor" joined multi-casting on [225.0.0.222:54997]...

Player connection [8251308736] Host "[IP] 192.168.98.38 [Port] 0 [Flags] 2 [Guid] 1641023991 [EditorId] 1641023991 [Version] 1048832 [Id] OSXEditor(0,Ahmets-MacBook-Air.local) [Debug] 1 [PackageName] OSXEditor [ProjectName] Editor" joined alternative multi-casting on [225.0.0.222:34997]...

[Physics::Module] Initialized MultithreadedJobDispatcher with 7 workers.
Refreshing native plugins compatible for Editor in 0.00 ms, found 0 plugins.
Preloading 0 native plugins for Editor in 0.00 ms.
Initialize engine version: 2022.3.25f1 (530ae0ba3889)
[Subsystems] Discovering subsystems at path /Applications/Unity/Hub/Editor/2022.3.25f1/Unity.app/Contents/Resources/UnitySubsystems
[Subsystems] Discovering subsystems at path /Users/ahmetcanyakupoglu/Desktop/No-Sync.nosync/Unity-Projects/Advanced-Saving-Project/Assets
GfxDevice: creating device client; threaded=0; jobified=0
 preferred device: Apple M1 (high power)
Metal devices available: 1
0: Apple M1 (high power)
Using device Apple M1 (high power)
Initializing Metal device caps: Apple M1
Initialize mono
Mono path[0] = '/Applications/Unity/Hub/Editor/2022.3.25f1/Unity.app/Contents/Managed'
Mono path[1] = '/Applications/Unity/Hub/Editor/2022.3.25f1/Unity.app/Contents/MonoBleedingEdge/lib/mono/unityjit-macos'
Mono config path = '/Applications/Unity/Hub/Editor/2022.3.25f1/Unity.app/Contents/MonoBleedingEdge/etc'
Using monoOptions --debugger-agent=transport=dt_socket,embedding=1,server=y,suspend=n,address=127.0.0.1:56808
Begin MonoManager ReloadAssembly
Registering precompiled unity dll's ...
Register platform support module: /Applications/Unity/Hub/Editor/2022.3.25f1/PlaybackEngines/WebGLSupport/UnityEditor.WebGL.Extensions.dll
Register platform support module: /Applications/Unity/Hub/Editor/2022.3.25f1/Unity.app/Contents/PlaybackEngines/MacStandaloneSupport/UnityEditor.OSXStandalone.Extensions.dll
Registered in 0.004161 seconds.
- Loaded All Assemblies, in  0.382 seconds
Native extension for OSXStandalone target not found
Native extension for WebGL target not found
Mono: successfully reloaded assembly
- Finished resetting the current domain, in  0.275 seconds
Domain Reload Profiling: 657ms
	BeginReloadAssembly (106ms)
		ExecutionOrderSort (0ms)
		DisableScriptedObjects (0ms)
		BackupInstance (0ms)
		ReleaseScriptingObjects (0ms)
		CreateAndSetChildDomain (1ms)
	RebuildCommonClasses (40ms)
	RebuildNativeTypeToScriptingClass (14ms)
	initialDomainReloadingComplete (54ms)
	LoadAllAssembliesAndSetupDomain (167ms)
		LoadAssemblies (107ms)
		RebuildTransferFunctionScriptingTraits (0ms)
		AnalyzeDomain (165ms)
			TypeCache.Refresh (163ms)
				TypeCache.ScanAssembly (148ms)
			ScanForSourceGeneratedMonoScriptInfo (0ms)
			ResolveRequiredComponents (0ms)
	FinalizeReload (276ms)
		ReleaseScriptCaches (0ms)
		RebuildScriptCaches (0ms)
		SetupLoadedEditorAssemblies (214ms)
			LogAssemblyErrors (0ms)
			InitializePlatformSupportModulesInManaged (9ms)
			SetLoadedEditorAssemblies (5ms)
			RefreshPlugins (0ms)
			BeforeProcessingInitializeOnLoad (2ms)
			ProcessInitializeOnLoadAttributes (149ms)
			ProcessInitializeOnLoadMethodAttributes (49ms)
			AfterProcessingInitializeOnLoad (0ms)
			EditorAssembliesLoaded (0ms)
		ExecutionOrderSort2 (0ms)
		AwakeInstancesAfterBackupRestoration (0ms)
========================================================================
Worker process is ready to serve import requests
Begin MonoManager ReloadAssembly
- Loaded All Assemblies, in  0.233 seconds
Refreshing native plugins compatible for Editor in 0.00 ms, found 0 plugins.
Native extension for OSXStandalone target not found
Native extension for WebGL target not found
Mono: successfully reloaded assembly
- Finished resetting the current domain, in  0.356 seconds
Domain Reload Profiling: 589ms
	BeginReloadAssembly (118ms)
		ExecutionOrderSort (0ms)
		DisableScriptedObjects (5ms)
		BackupInstance (0ms)
		ReleaseScriptingObjects (0ms)
		CreateAndSetChildDomain (27ms)
	RebuildCommonClasses (46ms)
	RebuildNativeTypeToScriptingClass (16ms)
	initialDomainReloadingComplete (19ms)
	LoadAllAssembliesAndSetupDomain (33ms)
		LoadAssemblies (66ms)
		RebuildTransferFunctionScriptingTraits (0ms)
		AnalyzeDomain (22ms)
			TypeCache.Refresh (16ms)
				TypeCache.ScanAssembly (9ms)
			ScanForSourceGeneratedMonoScriptInfo (2ms)
			ResolveRequiredComponents (3ms)
	FinalizeReload (357ms)
		ReleaseScriptCaches (0ms)
		RebuildScriptCaches (0ms)
		SetupLoadedEditorAssemblies (200ms)
			LogAssemblyErrors (0ms)
			InitializePlatformSupportModulesInManaged (6ms)
			SetLoadedEditorAssemblies (6ms)
			RefreshPlugins (0ms)
			BeforeProcessingInitializeOnLoad (32ms)
			ProcessInitializeOnLoadAttributes (135ms)
			ProcessInitializeOnLoadMethodAttributes (19ms)
			AfterProcessingInitializeOnLoad (1ms)
			EditorAssembliesLoaded (0ms)
		ExecutionOrderSort2 (0ms)
		AwakeInstancesAfterBackupRestoration (4ms)
Launching external process: /Applications/Unity/Hub/Editor/2022.3.25f1/Unity.app/Contents/Tools/UnityShaderCompiler
Launched and connected shader compiler UnityShaderCompiler after 0.05 seconds
Refreshing native plugins compatible for Editor in 0.00 ms, found 0 plugins.
Preloading 0 native plugins for Editor in 0.00 ms.
Unloading 357 Unused Serialized files (Serialized files now loaded: 0)
Unloading 3 unused Assets / (43.0 KB). Loaded Objects now: 830.
Memory consumption went from 65.8 MB to 65.8 MB.
Total: 2.959000 ms (FindLiveObjects: 0.046250 ms CreateObjectMapping: 0.013750 ms MarkObjects: 2.833709 ms  DeleteObjects: 0.064667 ms)

AssetImportParameters requested are different than current active one (requested -> active):
  custom:video-encoder-webm-vp8: eb34c28f22e8b96e1ab97ce403110664 -> 
  custom:video-decoder-webm-vp8: 9c59270c3fd7afecdb556c50c9e8de78 -> 
  custom:framework-osx-AVFoundation: e770b220cccbd017edd2c1fefb359320 -> 
  custom:audio-decoder-ogg-vorbis: bf7c407c2cedff20999df2af8eb42d56 -> 
  custom:video-decoder-ogg-theora: a1e56fd34408186e4bbccfd4996cb3dc -> 
  custom:audio-encoder-webm-vorbis: bf7c407c2cedff20999df2af8eb42d56 -> 
  custom:container-demuxer-webm: 4f35f7cbe854078d1ac9338744f61a02 -> 
  custom:SearchIndexIgnoredProperties: e643bd26f0fe6173181afceb89e7c659 -> 
  custom:container-muxer-webm: aa71ff27fc2769a1b78a27578f13a17b -> 
  custom:container-demuxer-ogg: 62fdf1f143b41e24485cea50d1cbac27 -> 
  custom:AudioImporter_EditorPlatform: 3918e3fc78b5a79bad01e8451be0beb8 -> 
  custom:CustomObjectIndexerAttribute: 9a22284fe3817be447336de3de66b15e -> 
========================================================================
Received Import Request.
  Time since last request: 670389.812918 seconds.
  path: Assets/ProBuilder Data
  artifactKey: Guid(86ef2a3584de7074aab043e9c39e694a) Importer(815301076,1909f56bfc062723c751e8b465ee728b)
Start importing Assets/ProBuilder Data using Guid(86ef2a3584de7074aab043e9c39e694a) Importer(815301076,1909f56bfc062723c751e8b465ee728b)  -> (artifact id: '50f30795cd6d87e9cc33e740a7f89ca9') in 0.001451 seconds
Number of updated asset objects reloaded before import = 0
Number of asset objects unloaded after import = 0
========================================================================
Received Import Request.
  Time since last request: 0.000098 seconds.
  path: Assets/Inventory
  artifactKey: Guid(810a64236d231a34a9913288289916cf) Importer(815301076,1909f56bfc062723c751e8b465ee728b)
Start importing Assets/Inventory using Guid(810a64236d231a34a9913288289916cf) Importer(815301076,1909f56bfc062723c751e8b465ee728b)  -> (artifact id: '9b63fc81ff348eb81d54be1bab9d4f05') in 0.000188 seconds
Number of updated asset objects reloaded before import = 0
Number of asset objects unloaded after import = 0
========================================================================
Received Import Request.
  Time since last request: 0.000099 seconds.
  path: Assets/Animations
  artifactKey: Guid(8bde10197b3d2c74e9745a122564e06e) Importer(815301076,1909f56bfc062723c751e8b465ee728b)
Start importing Assets/Animations using Guid(8bde10197b3d2c74e9745a122564e06e) Importer(815301076,1909f56bfc062723c751e8b465ee728b)  -> (artifact id: '7e1853c4a3cfab9e17715b40a74e4fdf') in 0.000168 seconds
Number of updated asset objects reloaded before import = 0
Number of asset objects unloaded after import = 0
========================================================================
Received Import Request.
  Time since last request: 0.355037 seconds.
  path: Assets/SaveLoad/CollectibleItemSet.cs
  artifactKey: Guid(e47f2def6bd87dc419706d82450272c9) Importer(815301076,1909f56bfc062723c751e8b465ee728b)
Start importing Assets/SaveLoad/CollectibleItemSet.cs using Guid(e47f2def6bd87dc419706d82450272c9) Importer(815301076,1909f56bfc062723c751e8b465ee728b)  -> (artifact id: 'bbb035b8c4c8ac006c35d69dda713cfb') in 0.000358 seconds
Number of updated asset objects reloaded before import = 0
Number of asset objects unloaded after import = 0
========================================================================
Received Import Request.
  Time since last request: 0.590937 seconds.
  path: Assets/SaveLoad/SaveLoad.cs
  artifactKey: Guid(d7e98541444d7324f8ac844741c2bb9a) Importer(815301076,1909f56bfc062723c751e8b465ee728b)
Start importing Assets/SaveLoad/SaveLoad.cs using Guid(d7e98541444d7324f8ac844741c2bb9a) Importer(815301076,1909f56bfc062723c751e8b465ee728b)  -> (artifact id: '9968d42c4a232dc51a9f0824bed77e01') in 0.000457 seconds
Number of updated asset objects reloaded before import = 0
Number of asset objects unloaded after import = 0
========================================================================
Received Import Request.
  Time since last request: 164.663590 seconds.
  path: Assets/Player/Game.cs
  artifactKey: Guid(372abcef1a61c2d48b5e683fa3d546b6) Importer(815301076,1909f56bfc062723c751e8b465ee728b)
Start importing Assets/Player/Game.cs using Guid(372abcef1a61c2d48b5e683fa3d546b6) Importer(815301076,1909f56bfc062723c751e8b465ee728b)  -> (artifact id: '01ded5a7d0efabf250e48b760b33e8e6') in 0.000578 seconds
Number of updated asset objects reloaded before import = 0
Number of asset objects unloaded after import = 0
========================================================================
Received Import Request.
  Time since last request: 0.419448 seconds.
  path: Assets/Player/PlayerController.cs
  artifactKey: Guid(2b80fdf097374164b9dada2dc4bc9684) Importer(815301076,1909f56bfc062723c751e8b465ee728b)
Start importing Assets/Player/PlayerController.cs using Guid(2b80fdf097374164b9dada2dc4bc9684) Importer(815301076,1909f56bfc062723c751e8b465ee728b)  -> (artifact id: '6e7da06f507a99e66a6ae8c0edd2914a') in 0.000432 seconds
Number of updated asset objects reloaded before import = 0
Number of asset objects unloaded after import = 0
========================================================================
Received Import Request.
  Time since last request: 6.252654 seconds.
  path: Assets/Player/Portal.cs
  artifactKey: Guid(53160dc8ef3aa2d458434de4d84955d7) Importer(815301076,1909f56bfc062723c751e8b465ee728b)
Start importing Assets/Player/Portal.cs using Guid(53160dc8ef3aa2d458434de4d84955d7) Importer(815301076,1909f56bfc062723c751e8b465ee728b)  -> (artifact id: '6f62f274b96cdc235856c36831d4f277') in 0.000431 seconds
Number of updated asset objects reloaded before import = 0
Number of asset objects unloaded after import = 0
========================================================================
Received Import Request.
  Time since last request: 14.268173 seconds.
  path: Assets/Inventory/Items.asset
  artifactKey: Guid(17dd4414899a5914bbe5bbf38f1464b4) Importer(815301076,1909f56bfc062723c751e8b465ee728b)
Start importing Assets/Inventory/Items.asset using Guid(17dd4414899a5914bbe5bbf38f1464b4) Importer(815301076,1909f56bfc062723c751e8b465ee728b)  -> (artifact id: 'e059e8662043f83475570673e0a1cbdd') in 0.010333 seconds
Number of updated asset objects reloaded before import = 0
Number of asset objects unloaded after import = 1
========================================================================
Received Import Request.
  Time since last request: 25.847590 seconds.
  path: Assets/Inventory/Prefabs
  artifactKey: Guid(54e649e7a1556e5429447cdcda55d9c2) Importer(815301076,1909f56bfc062723c751e8b465ee728b)
Start importing Assets/Inventory/Prefabs using Guid(54e649e7a1556e5429447cdcda55d9c2) Importer(815301076,1909f56bfc062723c751e8b465ee728b)  -> (artifact id: '3907ee544ead111917be0182d6c1c475') in 0.000411 seconds
Number of updated asset objects reloaded before import = 0
Number of asset objects unloaded after import = 0
========================================================================
Received Import Request.
  Time since last request: 4.003062 seconds.
  path: Assets/Inventory/Prefabs/Item.prefab
  artifactKey: Guid(ebb619809648bf649bdf1b99b69649b4) Importer(815301076,1909f56bfc062723c751e8b465ee728b)
Start importing Assets/Inventory/Prefabs/Item.prefab using Guid(ebb619809648bf649bdf1b99b69649b4) Importer(815301076,1909f56bfc062723c751e8b465ee728b)  -> (artifact id: 'bee55a03c7f5be9731474f3e38613f91') in 0.029202 seconds
Number of updated asset objects reloaded before import = 0
Number of asset objects unloaded after import = 12
